  DirectxFinal.cpp
c:\users\user\desktop\dxp\directxfinal\directxfinal.cpp(191): warning C4244: '인수': 'int'에서 'FLOAT'(으)로 변환하면서 데이터가 손실될 수 있습니다.
c:\users\user\desktop\dxp\directxfinal\directxfinal.cpp(238): warning C4100: 'lpCmdLine': 참조되지 않은 정식 매개 변수입니다.
c:\users\user\desktop\dxp\directxfinal\directxfinal.cpp(237): warning C4100: 'hPrevInstance': 참조되지 않은 정식 매개 변수입니다.
c:\users\user\desktop\dxp\directxfinal\directxfinal.cpp(503): warning C4244: '인수': 'float'에서 'int'(으)로 변환하면서 데이터가 손실될 수 있습니다.
c:\users\user\desktop\dxp\directxfinal\directxfinal.cpp(524): warning C4244: '인수': 'float'에서 'int'(으)로 변환하면서 데이터가 손실될 수 있습니다.
c:\users\user\desktop\dxp\directxfinal\directxfinal.cpp(544): warning C4244: '인수': 'float'에서 'int'(으)로 변환하면서 데이터가 손실될 수 있습니다.
c:\users\user\desktop\dxp\directxfinal\directxfinal.cpp(565): warning C4244: '인수': 'float'에서 'int'(으)로 변환하면서 데이터가 손실될 수 있습니다.
c:\users\user\desktop\dxp\directxfinal\directxfinal.cpp(586): warning C4244: '인수': 'float'에서 'int'(으)로 변환하면서 데이터가 손실될 수 있습니다.
c:\users\user\desktop\dxp\directxfinal\directxfinal.cpp(607): warning C4244: '인수': 'float'에서 'int'(으)로 변환하면서 데이터가 손실될 수 있습니다.
c:\users\user\desktop\dxp\directxfinal\directxfinal.cpp(628): warning C4244: '인수': 'float'에서 'int'(으)로 변환하면서 데이터가 손실될 수 있습니다.
c:\users\user\desktop\dxp\directxfinal\directxfinal.cpp(671): warning C4244: '인수': 'float'에서 'int'(으)로 변환하면서 데이터가 손실될 수 있습니다.
c:\users\user\desktop\dxp\directxfinal\directxfinal.cpp(714): warning C4244: '인수': 'float'에서 'int'(으)로 변환하면서 데이터가 손실될 수 있습니다.
c:\users\user\desktop\dxp\directxfinal\directxfinal.cpp(757): warning C4244: '인수': 'float'에서 'int'(으)로 변환하면서 데이터가 손실될 수 있습니다.
c:\users\user\desktop\dxp\directxfinal\directxfinal.cpp(800): warning C4244: '인수': 'float'에서 'int'(으)로 변환하면서 데이터가 손실될 수 있습니다.
c:\users\user\desktop\dxp\directxfinal\directxfinal.cpp(843): warning C4244: '인수': 'float'에서 'int'(으)로 변환하면서 데이터가 손실될 수 있습니다.
c:\users\user\desktop\dxp\directxfinal\directxfinal.cpp(886): warning C4244: '인수': 'float'에서 'int'(으)로 변환하면서 데이터가 손실될 수 있습니다.
c:\users\user\desktop\dxp\directxfinal\directxfinal.cpp(1165): warning C4244: '인수': 'float'에서 'int'(으)로 변환하면서 데이터가 손실될 수 있습니다.
c:\users\user\desktop\dxp\directxfinal\directxfinal.cpp(1168): warning C4244: '인수': 'float'에서 'int'(으)로 변환하면서 데이터가 손실될 수 있습니다.
c:\users\user\desktop\dxp\directxfinal\directxfinal.cpp(1183): warning C4244: '인수': 'float'에서 'int'(으)로 변환하면서 데이터가 손실될 수 있습니다.
c:\users\user\desktop\dxp\directxfinal\directxfinal.cpp(1215): warning C4553: '==': 의미 없는 연산자입니다. '='을(를) 사용하려고 했습니까?
c:\users\user\desktop\dxp\directxfinal\directxfinal.cpp(1240): warning C4553: '==': 의미 없는 연산자입니다. '='을(를) 사용하려고 했습니까?
c:\users\user\desktop\dxp\directxfinal\directxfinal.cpp(1266): warning C4553: '==': 의미 없는 연산자입니다. '='을(를) 사용하려고 했습니까?
c:\users\user\desktop\dxp\directxfinal\directxfinal.cpp(1290): warning C4553: '==': 의미 없는 연산자입니다. '='을(를) 사용하려고 했습니까?
c:\users\user\desktop\dxp\directxfinal\directxfinal.cpp(1315): warning C4553: '==': 의미 없는 연산자입니다. '='을(를) 사용하려고 했습니까?
c:\users\user\desktop\dxp\directxfinal\directxfinal.cpp(1339): warning C4553: '==': 의미 없는 연산자입니다. '='을(를) 사용하려고 했습니까?
c:\users\user\desktop\dxp\directxfinal\directxfinal.cpp(1143): warning C4996: 'sprintf': This function or variable may be unsafe. Consider using sprintf_s instead. To disable deprecation, use _CRT_SECURE_NO_WARNINGS. See online help for details.
  c:\program files (x86)\windows kits\10\include\10.0.10240.0\ucrt\stdio.h(1769): note: 'sprintf' 선언을 참조하십시오.
c:\users\user\desktop\dxp\directxfinal\directxfinal.cpp(1146): warning C4996: 'sprintf': This function or variable may be unsafe. Consider using sprintf_s instead. To disable deprecation, use _CRT_SECURE_NO_WARNINGS. See online help for details.
  c:\program files (x86)\windows kits\10\include\10.0.10240.0\ucrt\stdio.h(1769): note: 'sprintf' 선언을 참조하십시오.
c:\users\user\desktop\dxp\directxfinal\directxfinal.cpp(1149): warning C4996: 'sprintf': This function or variable may be unsafe. Consider using sprintf_s instead. To disable deprecation, use _CRT_SECURE_NO_WARNINGS. See online help for details.
  c:\program files (x86)\windows kits\10\include\10.0.10240.0\ucrt\stdio.h(1769): note: 'sprintf' 선언을 참조하십시오.
  GameManager.cpp
  코드를 생성하고 있습니다...
  DirectxFinal_2010.vcxproj -> C:\Users\user\Desktop\DXP\DirectxFinal\Debug\DirectxFinal.exe
